2024-03-31 12:46:51,473 [INFO ] StepDefinition.Hooks [main] Execution Started!
2024-03-31 12:47:02,075 [INFO ] StepDefinition.Hooks [main] Execution Completed!
2024-03-31 12:48:08,819 [INFO ] StepDefinition.Hooks [main] Execution Started!
2024-03-31 12:48:28,061 [INFO ] StepDefinition.Hooks [main] Execution Completed!
2024-03-31 12:53:44,675 [INFO ] StepDefinition.Hooks [main] Execution Started!
2024-03-31 12:53:52,778 [INFO ] StepDefinition.Hooks [main] Execution Completed!
2024-03-31 12:59:21,722 [INFO ] StepDefinition.Hooks [main] Execution Started!
2024-03-31 12:59:32,559 [INFO ] StepDefinition.Hooks [main] Execution Completed!
2024-03-31 13:17:18,178 [INFO ] StepDefinition.Hooks [main] Execution Started!
2024-03-31 13:17:28,426 [INFO ] StepDefinition.Hooks [main] Execution Completed!
2024-03-31 13:19:08,701 [INFO ] StepDefinition.Hooks [main] Execution Started!
2024-03-31 13:19:19,228 [INFO ] StepDefinition.Hooks [main] Execution Completed!
2024-03-31 13:20:46,282 [INFO ] StepDefinition.Hooks [main] Execution Started!
2024-03-31 13:23:14,962 [INFO ] StepDefinition.Hooks [main] Execution Completed!
2024-03-31 13:55:53,559 [INFO ] StepDefinition.Hooks [main] Execution Started!
2024-03-31 13:56:03,061 [INFO ] StepDefinition.Hooks [main] Execution Completed!
2024-03-31 13:58:39,584 [INFO ] StepDefinition.Hooks [main] Execution Started!
2024-03-31 13:58:55,280 [INFO ] StepDefinition.Hooks [main] Execution Completed!
2024-03-31 13:59:35,911 [INFO ] StepDefinition.Hooks [main] Execution Started!
2024-03-31 13:59:50,405 [INFO ] StepDefinition.Hooks [main] Execution Completed!
2024-03-31 14:03:57,886 [INFO ] StepDefinition.Hooks [main] Execution Started!
2024-03-31 14:04:08,547 [INFO ] StepDefinition.Hooks [main] Execution Completed!
2024-03-31 14:16:25,081 [INFO ] StepDefinition.Hooks [main] Execution Started!
2024-03-31 14:16:35,002 [INFO ] StepDefinition.ToolsQA_StepDefinition [main] Page title is displayed!!
2024-03-31 14:16:35,424 [INFO ] StepDefinition.Hooks [main] Execution Completed!
2024-03-31 14:29:12,898 [INFO ] StepDefinition.Hooks [main] Execution Started!
2024-03-31 14:29:21,697 [INFO ] StepDefinition.ToolsQA_StepDefinition [main] Page title is displayed!!
2024-03-31 14:29:22,991 [INFO ] StepDefinition.Hooks [main] Execution Completed!
2024-03-31 14:29:22,999 [INFO ] StepDefinition.Hooks [main] Execution Started!
2024-03-31 14:29:31,732 [INFO ] StepDefinition.ToolsQA_StepDefinition [main] Page title is displayed!!
2024-03-31 14:29:32,779 [INFO ] StepDefinition.Hooks [main] Execution Completed!
2024-03-31 14:29:32,785 [INFO ] StepDefinition.Hooks [main] Execution Started!
2024-03-31 14:29:40,088 [INFO ] StepDefinition.ToolsQA_StepDefinition [main] Page title is displayed!!
2024-03-31 14:29:41,215 [INFO ] StepDefinition.Hooks [main] Execution Completed!
2024-03-31 14:29:41,215 [INFO ] StepDefinition.Hooks [main] Execution Started!
2024-03-31 14:29:48,566 [INFO ] StepDefinition.ToolsQA_StepDefinition [main] Page title is displayed!!
2024-03-31 14:29:49,605 [INFO ] StepDefinition.Hooks [main] Execution Completed!
2024-03-31 14:29:49,611 [INFO ] StepDefinition.Hooks [main] Execution Started!
2024-03-31 14:29:57,295 [INFO ] StepDefinition.ToolsQA_StepDefinition [main] Page title is displayed!!
2024-03-31 14:29:58,444 [INFO ] StepDefinition.Hooks [main] Execution Completed!
2024-03-31 14:29:58,451 [INFO ] StepDefinition.Hooks [main] Execution Started!
2024-03-31 14:30:12,181 [INFO ] StepDefinition.ToolsQA_StepDefinition [main] Page title is displayed!!
2024-03-31 14:30:13,305 [INFO ] StepDefinition.Hooks [main] Execution Completed!
2024-03-31 14:39:15,447 [INFO ] StepDefinition.Hooks [main] Execution Started!
2024-03-31 14:39:15,590 [ERROR] StepDefinition.Hooks [main] java.lang.NullPointerException
2024-03-31 14:39:15,590 [INFO ] StepDefinition.Hooks [main] Execution Completed!
2024-03-31 14:41:58,026 [INFO ] StepDefinition.Hooks [main] Execution Started!
2024-03-31 14:42:12,677 [INFO ] StepDefinition.ToolsQA_StepDefinition [main] Page title is displayed!!
2024-03-31 14:42:13,055 [INFO ] StepDefinition.Hooks [main] Execution Completed!
2024-03-31 19:09:15,454 [INFO ] StepDefinition.Hooks [main] Execution Started!
2024-03-31 19:09:25,591 [INFO ] StepDefinition.Hooks [main] Execution Completed!
2024-03-31 19:14:33,497 [INFO ] StepDefinition.Hooks [main] Execution Started!
2024-03-31 19:16:14,729 [ERROR] StepDefinition.Hooks [main] org.openqa.selenium.NoSuchWindowException: no such window: target window already closed
from unknown error: web view not found
  (Session info: chrome=123.0.6312.86)
Build info: version: '4.9.1', revision: 'eb2032df7f'
System info: os.name: 'Windows 10', os.arch: 'amd64', os.version: '10.0', java.version: '1.8.0_201'
Driver info: org.openqa.selenium.chrome.ChromeDriver
Command: [6c75c8b9d5a9b95a1f8ce421b0ebd62b, screenshot {}]
Capabilities {acceptInsecureCerts: false, browserName: chrome, browserVersion: 123.0.6312.86, chrome: {chromedriverVersion: 122.0.6261.94 (880dbf29479c..., userDataDir: C:\Users\nejus\AppData\Loca...}, fedcm:accounts: true, goog:chromeOptions: {debuggerAddress: localhost:63803}, networkConnectionEnabled: false, pageLoadStrategy: normal, platformName: windows, proxy: Proxy(), se:cdp: ws://localhost:63803/devtoo..., se:cdpVersion: 123.0.6312.86, setWindowRect: true, strictFileInteractability: false, timeouts: {implicit: 0, pageLoad: 300000, script: 30000}, unhandledPromptBehavior: dismiss and notify, webauthn:extension:credBlob: true, webauthn:extension:largeBlob: true, webauthn:extension:minPinLength: true, webauthn:extension:prf: true, webauthn:virtualAuthenticators: true}
Session ID: 6c75c8b9d5a9b95a1f8ce421b0ebd62b
2024-03-31 19:16:14,729 [INFO ] StepDefinition.Hooks [main] Execution Completed!
2024-03-31 19:18:03,125 [INFO ] StepDefinition.Hooks [main] Execution Started!
2024-03-31 19:18:13,326 [INFO ] StepDefinition.Hooks [main] Execution Completed!
2024-03-31 19:18:52,440 [INFO ] StepDefinition.Hooks [main] Execution Started!
2024-03-31 19:19:01,749 [INFO ] StepDefinition.Hooks [main] Execution Completed!
2024-03-31 19:19:36,495 [INFO ] StepDefinition.Hooks [main] Execution Started!
2024-03-31 19:19:45,322 [INFO ] StepDefinition.Hooks [main] Execution Completed!
2024-03-31 19:20:13,595 [INFO ] StepDefinition.Hooks [main] Execution Started!
2024-03-31 19:20:22,619 [INFO ] StepDefinition.Hooks [main] Execution Completed!
2024-03-31 19:20:47,920 [INFO ] StepDefinition.Hooks [main] Execution Started!
2024-03-31 19:21:01,744 [INFO ] StepDefinition.Hooks [main] Execution Completed!
2024-03-31 19:29:53,123 [INFO ] StepDefinition.Hooks [main] Execution Started!
2024-03-31 19:30:01,515 [INFO ] StepDefinition.Hooks [main] Execution Completed!
2024-03-31 19:33:08,441 [INFO ] StepDefinition.Hooks [main] Execution Started!
2024-03-31 19:33:16,358 [INFO ] StepDefinition.Hooks [main] Execution Completed!
2024-03-31 19:34:19,299 [INFO ] StepDefinition.Hooks [main] Execution Started!
2024-03-31 19:34:29,933 [INFO ] StepDefinition.Hooks [main] Execution Completed!
2024-03-31 19:35:00,446 [INFO ] StepDefinition.Hooks [main] Execution Started!
2024-03-31 19:35:08,637 [INFO ] StepDefinition.Hooks [main] Execution Completed!
2024-03-31 19:35:49,806 [INFO ] StepDefinition.Hooks [main] Execution Started!
2024-03-31 19:36:01,763 [INFO ] StepDefinition.Hooks [main] Execution Completed!
2024-03-31 19:36:47,290 [INFO ] StepDefinition.Hooks [main] Execution Started!
2024-03-31 19:36:58,487 [INFO ] StepDefinition.Hooks [main] Execution Completed!
2024-03-31 19:38:06,147 [INFO ] StepDefinition.Hooks [main] Execution Started!
2024-03-31 19:38:16,575 [INFO ] StepDefinition.Hooks [main] Execution Completed!
2024-03-31 19:38:47,813 [INFO ] StepDefinition.Hooks [main] Execution Started!
2024-03-31 19:38:56,639 [INFO ] StepDefinition.Hooks [main] Execution Completed!
2024-03-31 19:39:27,404 [INFO ] StepDefinition.Hooks [main] Execution Started!
2024-03-31 19:39:35,443 [INFO ] StepDefinition.Hooks [main] Execution Completed!
2024-03-31 19:40:02,548 [INFO ] StepDefinition.Hooks [main] Execution Started!
2024-03-31 19:40:10,756 [INFO ] StepDefinition.Hooks [main] Execution Completed!
2024-03-31 19:41:23,205 [INFO ] StepDefinition.Hooks [main] Execution Started!
2024-03-31 19:41:32,106 [INFO ] StepDefinition.Hooks [main] Execution Completed!
2024-03-31 19:43:04,024 [INFO ] StepDefinition.Hooks [main] Execution Started!
2024-03-31 19:43:17,279 [INFO ] StepDefinition.Hooks [main] Execution Completed!
2024-03-31 19:45:54,669 [INFO ] StepDefinition.Hooks [main] Execution Started!
2024-03-31 19:46:02,720 [INFO ] StepDefinition.Hooks [main] Execution Completed!
2024-03-31 19:46:53,544 [INFO ] StepDefinition.Hooks [main] Execution Started!
2024-03-31 19:47:02,951 [INFO ] StepDefinition.Hooks [main] Execution Completed!
2024-03-31 19:47:38,810 [INFO ] StepDefinition.Hooks [main] Execution Started!
2024-03-31 19:47:50,236 [INFO ] StepDefinition.Hooks [main] Execution Completed!
2024-03-31 19:48:11,172 [INFO ] StepDefinition.Hooks [main] Execution Started!
2024-03-31 19:52:10,859 [INFO ] StepDefinition.Hooks [main] Execution Started!
2024-03-31 19:52:39,200 [INFO ] StepDefinition.Hooks [main] Execution Completed!
2024-03-31 19:53:19,741 [INFO ] StepDefinition.Hooks [main] Execution Started!
2024-03-31 19:54:55,281 [INFO ] StepDefinition.Hooks [main] Execution Started!
2024-03-31 19:55:05,842 [INFO ] StepDefinition.Hooks [main] Execution Completed!
2024-03-31 20:02:15,602 [INFO ] StepDefinition.Hooks [main] Execution Started!
2024-03-31 20:02:25,495 [INFO ] StepDefinition.ToolsQA_StepDefinition [main] Page title is displayed!!
2024-03-31 20:02:26,842 [INFO ] StepDefinition.Hooks [main] Execution Completed!
2024-03-31 20:02:26,856 [INFO ] StepDefinition.Hooks [main] Execution Started!
2024-03-31 20:02:34,896 [INFO ] StepDefinition.ToolsQA_StepDefinition [main] Page title is displayed!!
2024-03-31 20:02:36,101 [INFO ] StepDefinition.Hooks [main] Execution Completed!
2024-03-31 20:02:36,111 [INFO ] StepDefinition.Hooks [main] Execution Started!
2024-03-31 20:02:44,295 [INFO ] StepDefinition.ToolsQA_StepDefinition [main] Page title is displayed!!
2024-03-31 20:02:45,601 [INFO ] StepDefinition.Hooks [main] Execution Completed!
2024-03-31 20:02:45,610 [INFO ] StepDefinition.Hooks [main] Execution Started!
2024-03-31 20:02:53,933 [INFO ] StepDefinition.ToolsQA_StepDefinition [main] Page title is displayed!!
2024-03-31 20:02:55,100 [INFO ] StepDefinition.Hooks [main] Execution Completed!
2024-03-31 20:02:55,106 [INFO ] StepDefinition.Hooks [main] Execution Started!
2024-03-31 20:03:02,974 [INFO ] StepDefinition.ToolsQA_StepDefinition [main] Page title is displayed!!
2024-03-31 20:03:04,201 [INFO ] StepDefinition.Hooks [main] Execution Completed!
2024-03-31 20:03:04,207 [INFO ] StepDefinition.Hooks [main] Execution Started!
2024-03-31 20:03:11,264 [INFO ] StepDefinition.ToolsQA_StepDefinition [main] Page title is displayed!!
2024-03-31 20:03:12,462 [INFO ] StepDefinition.Hooks [main] Execution Completed!
2024-03-31 20:03:12,471 [INFO ] StepDefinition.Hooks [main] Execution Started!
2024-03-31 20:04:03,580 [INFO ] StepDefinition.Hooks [main] Execution Completed!
2024-03-31 20:04:03,621 [INFO ] StepDefinition.Hooks [main] Execution Started!
2024-03-31 20:04:12,882 [INFO ] StepDefinition.Hooks [main] Execution Completed!
2024-03-31 20:04:12,882 [INFO ] StepDefinition.Hooks [main] Execution Started!
2024-03-31 20:04:56,921 [INFO ] StepDefinition.Hooks [main] Execution Completed!
2024-03-31 20:04:56,929 [INFO ] StepDefinition.Hooks [main] Execution Started!
2024-03-31 20:06:13,502 [ERROR] StepDefinition.Hooks [main] org.openqa.selenium.NoSuchWindowException: no such window: target window already closed
from unknown error: web view not found
  (Session info: chrome=123.0.6312.86)
Build info: version: '4.9.1', revision: 'eb2032df7f'
System info: os.name: 'Windows 10', os.arch: 'amd64', os.version: '10.0', java.version: '1.8.0_201'
Driver info: org.openqa.selenium.chrome.ChromeDriver
Command: [7620517e84a13d1fb500cae18ea9988f, screenshot {}]
Capabilities {acceptInsecureCerts: false, browserName: chrome, browserVersion: 123.0.6312.86, chrome: {chromedriverVersion: 122.0.6261.94 (880dbf29479c..., userDataDir: C:\Users\nejus\AppData\Loca...}, fedcm:accounts: true, goog:chromeOptions: {debuggerAddress: localhost:54233}, networkConnectionEnabled: false, pageLoadStrategy: normal, platformName: windows, proxy: Proxy(), se:cdp: ws://localhost:54233/devtoo..., se:cdpVersion: 123.0.6312.86, setWindowRect: true, strictFileInteractability: false, timeouts: {implicit: 0, pageLoad: 300000, script: 30000}, unhandledPromptBehavior: dismiss and notify, webauthn:extension:credBlob: true, webauthn:extension:largeBlob: true, webauthn:extension:minPinLength: true, webauthn:extension:prf: true, webauthn:virtualAuthenticators: true}
Session ID: 7620517e84a13d1fb500cae18ea9988f
2024-03-31 20:06:13,502 [INFO ] StepDefinition.Hooks [main] Execution Completed!
2024-03-31 20:06:13,521 [INFO ] StepDefinition.Hooks [main] Execution Started!
2024-03-31 20:06:13,528 [ERROR] StepDefinition.Hooks [main] org.openqa.selenium.NoSuchWindowException: no such window: target window already closed
from unknown error: web view not found
  (Session info: chrome=123.0.6312.86)
Build info: version: '4.9.1', revision: 'eb2032df7f'
System info: os.name: 'Windows 10', os.arch: 'amd64', os.version: '10.0', java.version: '1.8.0_201'
Driver info: org.openqa.selenium.chrome.ChromeDriver
Command: [7620517e84a13d1fb500cae18ea9988f, screenshot {}]
Capabilities {acceptInsecureCerts: false, browserName: chrome, browserVersion: 123.0.6312.86, chrome: {chromedriverVersion: 122.0.6261.94 (880dbf29479c..., userDataDir: C:\Users\nejus\AppData\Loca...}, fedcm:accounts: true, goog:chromeOptions: {debuggerAddress: localhost:54233}, networkConnectionEnabled: false, pageLoadStrategy: normal, platformName: windows, proxy: Proxy(), se:cdp: ws://localhost:54233/devtoo..., se:cdpVersion: 123.0.6312.86, setWindowRect: true, strictFileInteractability: false, timeouts: {implicit: 0, pageLoad: 300000, script: 30000}, unhandledPromptBehavior: dismiss and notify, webauthn:extension:credBlob: true, webauthn:extension:largeBlob: true, webauthn:extension:minPinLength: true, webauthn:extension:prf: true, webauthn:virtualAuthenticators: true}
Session ID: 7620517e84a13d1fb500cae18ea9988f
2024-03-31 20:06:13,528 [INFO ] StepDefinition.Hooks [main] Execution Completed!
2024-03-31 20:06:13,528 [INFO ] StepDefinition.Hooks [main] Execution Started!
2024-03-31 20:06:13,542 [ERROR] StepDefinition.Hooks [main] org.openqa.selenium.NoSuchWindowException: no such window: target window already closed
from unknown error: web view not found
  (Session info: chrome=123.0.6312.86)
Build info: version: '4.9.1', revision: 'eb2032df7f'
System info: os.name: 'Windows 10', os.arch: 'amd64', os.version: '10.0', java.version: '1.8.0_201'
Driver info: org.openqa.selenium.chrome.ChromeDriver
Command: [7620517e84a13d1fb500cae18ea9988f, screenshot {}]
Capabilities {acceptInsecureCerts: false, browserName: chrome, browserVersion: 123.0.6312.86, chrome: {chromedriverVersion: 122.0.6261.94 (880dbf29479c..., userDataDir: C:\Users\nejus\AppData\Loca...}, fedcm:accounts: true, goog:chromeOptions: {debuggerAddress: localhost:54233}, networkConnectionEnabled: false, pageLoadStrategy: normal, platformName: windows, proxy: Proxy(), se:cdp: ws://localhost:54233/devtoo..., se:cdpVersion: 123.0.6312.86, setWindowRect: true, strictFileInteractability: false, timeouts: {implicit: 0, pageLoad: 300000, script: 30000}, unhandledPromptBehavior: dismiss and notify, webauthn:extension:credBlob: true, webauthn:extension:largeBlob: true, webauthn:extension:minPinLength: true, webauthn:extension:prf: true, webauthn:virtualAuthenticators: true}
Session ID: 7620517e84a13d1fb500cae18ea9988f
2024-03-31 20:06:13,542 [INFO ] StepDefinition.Hooks [main] Execution Completed!
2024-03-31 20:06:13,548 [INFO ] StepDefinition.Hooks [main] Execution Started!
2024-03-31 20:06:13,556 [ERROR] StepDefinition.Hooks [main] org.openqa.selenium.NoSuchWindowException: no such window: target window already closed
from unknown error: web view not found
  (Session info: chrome=123.0.6312.86)
Build info: version: '4.9.1', revision: 'eb2032df7f'
System info: os.name: 'Windows 10', os.arch: 'amd64', os.version: '10.0', java.version: '1.8.0_201'
Driver info: org.openqa.selenium.chrome.ChromeDriver
Command: [7620517e84a13d1fb500cae18ea9988f, screenshot {}]
Capabilities {acceptInsecureCerts: false, browserName: chrome, browserVersion: 123.0.6312.86, chrome: {chromedriverVersion: 122.0.6261.94 (880dbf29479c..., userDataDir: C:\Users\nejus\AppData\Loca...}, fedcm:accounts: true, goog:chromeOptions: {debuggerAddress: localhost:54233}, networkConnectionEnabled: false, pageLoadStrategy: normal, platformName: windows, proxy: Proxy(), se:cdp: ws://localhost:54233/devtoo..., se:cdpVersion: 123.0.6312.86, setWindowRect: true, strictFileInteractability: false, timeouts: {implicit: 0, pageLoad: 300000, script: 30000}, unhandledPromptBehavior: dismiss and notify, webauthn:extension:credBlob: true, webauthn:extension:largeBlob: true, webauthn:extension:minPinLength: true, webauthn:extension:prf: true, webauthn:virtualAuthenticators: true}
Session ID: 7620517e84a13d1fb500cae18ea9988f
2024-03-31 20:06:13,556 [INFO ] StepDefinition.Hooks [main] Execution Completed!
2024-03-31 20:06:13,556 [INFO ] StepDefinition.Hooks [main] Execution Started!
2024-03-31 20:06:13,569 [ERROR] StepDefinition.Hooks [main] org.openqa.selenium.NoSuchWindowException: no such window: target window already closed
from unknown error: web view not found
  (Session info: chrome=123.0.6312.86)
Build info: version: '4.9.1', revision: 'eb2032df7f'
System info: os.name: 'Windows 10', os.arch: 'amd64', os.version: '10.0', java.version: '1.8.0_201'
Driver info: org.openqa.selenium.chrome.ChromeDriver
Command: [7620517e84a13d1fb500cae18ea9988f, screenshot {}]
Capabilities {acceptInsecureCerts: false, browserName: chrome, browserVersion: 123.0.6312.86, chrome: {chromedriverVersion: 122.0.6261.94 (880dbf29479c..., userDataDir: C:\Users\nejus\AppData\Loca...}, fedcm:accounts: true, goog:chromeOptions: {debuggerAddress: localhost:54233}, networkConnectionEnabled: false, pageLoadStrategy: normal, platformName: windows, proxy: Proxy(), se:cdp: ws://localhost:54233/devtoo..., se:cdpVersion: 123.0.6312.86, setWindowRect: true, strictFileInteractability: false, timeouts: {implicit: 0, pageLoad: 300000, script: 30000}, unhandledPromptBehavior: dismiss and notify, webauthn:extension:credBlob: true, webauthn:extension:largeBlob: true, webauthn:extension:minPinLength: true, webauthn:extension:prf: true, webauthn:virtualAuthenticators: true}
Session ID: 7620517e84a13d1fb500cae18ea9988f
2024-03-31 20:06:13,569 [INFO ] StepDefinition.Hooks [main] Execution Completed!
2024-03-31 20:06:37,758 [INFO ] StepDefinition.Hooks [main] Execution Started!
2024-03-31 20:06:44,935 [INFO ] StepDefinition.ToolsQA_StepDefinition [main] Page title is displayed!!
2024-03-31 20:06:45,820 [INFO ] StepDefinition.Hooks [main] Execution Completed!
2024-03-31 20:06:45,824 [INFO ] StepDefinition.Hooks [main] Execution Started!
2024-03-31 20:06:51,532 [INFO ] StepDefinition.ToolsQA_StepDefinition [main] Page title is displayed!!
2024-03-31 20:06:52,404 [INFO ] StepDefinition.Hooks [main] Execution Completed!
2024-03-31 20:06:52,408 [INFO ] StepDefinition.Hooks [main] Execution Started!
2024-03-31 20:06:58,774 [INFO ] StepDefinition.ToolsQA_StepDefinition [main] Page title is displayed!!
2024-03-31 20:06:59,670 [INFO ] StepDefinition.Hooks [main] Execution Completed!
2024-03-31 20:06:59,674 [INFO ] StepDefinition.Hooks [main] Execution Started!
2024-03-31 20:07:05,132 [INFO ] StepDefinition.ToolsQA_StepDefinition [main] Page title is displayed!!
2024-03-31 20:07:05,972 [INFO ] StepDefinition.Hooks [main] Execution Completed!
2024-03-31 20:07:05,975 [INFO ] StepDefinition.Hooks [main] Execution Started!
2024-03-31 20:07:11,821 [INFO ] StepDefinition.ToolsQA_StepDefinition [main] Page title is displayed!!
2024-03-31 20:07:12,728 [INFO ] StepDefinition.Hooks [main] Execution Completed!
2024-03-31 20:07:12,731 [INFO ] StepDefinition.Hooks [main] Execution Started!
2024-03-31 20:07:18,173 [INFO ] StepDefinition.ToolsQA_StepDefinition [main] Page title is displayed!!
2024-03-31 20:07:19,028 [INFO ] StepDefinition.Hooks [main] Execution Completed!
2024-03-31 20:07:19,032 [INFO ] StepDefinition.Hooks [main] Execution Started!
2024-03-31 20:07:26,276 [INFO ] StepDefinition.Hooks [main] Execution Completed!
2024-03-31 20:07:26,279 [INFO ] StepDefinition.Hooks [main] Execution Started!
2024-03-31 20:07:32,814 [INFO ] StepDefinition.Hooks [main] Execution Completed!
2024-03-31 20:07:32,816 [INFO ] StepDefinition.Hooks [main] Execution Started!
2024-03-31 20:07:39,392 [INFO ] StepDefinition.Hooks [main] Execution Completed!
2024-03-31 20:07:39,395 [INFO ] StepDefinition.Hooks [main] Execution Started!
2024-03-31 20:07:58,820 [INFO ] StepDefinition.Hooks [main] Execution Completed!
2024-03-31 20:07:58,822 [INFO ] StepDefinition.Hooks [main] Execution Started!
2024-03-31 20:08:05,517 [INFO ] StepDefinition.Hooks [main] Execution Completed!
2024-03-31 20:08:05,520 [INFO ] StepDefinition.Hooks [main] Execution Started!
2024-03-31 20:08:12,032 [INFO ] StepDefinition.Hooks [main] Execution Completed!
2024-03-31 20:08:12,034 [INFO ] StepDefinition.Hooks [main] Execution Started!
2024-03-31 20:08:30,324 [INFO ] StepDefinition.Hooks [main] Execution Completed!
2024-03-31 20:08:30,324 [INFO ] StepDefinition.Hooks [main] Execution Started!
2024-03-31 20:08:37,628 [INFO ] StepDefinition.Hooks [main] Execution Completed!
